<?xml version="1.0" encoding="UTF-8"?>
<!-- Generated by org.testng.reporters.JUnitXMLReporter -->
<testsuite ignored="10" hostname="SUDHAPAT-IN" failures="0" tests="1" name="Projects" time="22.23" errors="0" timestamp="2022-05-19T00:24:56 IST">
  <testcase classname="com.actitime.tests.Login" name="login_001" time="5.029"/>
  <testcase classname="com.actitime.base.BaseClass" name="@AfterTest afterTest" time="0.0">
    <ignored/>
  </testcase> <!-- @AfterTest afterTest -->
  <testcase classname="com.actitime.base.BaseClass" name="@BeforeTest beoreTest" time="0.0">
    <ignored/>
  </testcase> <!-- @BeforeTest beoreTest -->
  <testcase classname="com.actitime.base.BaseClass" name="@BeforeTest beoreTest" time="0.0">
    <ignored/>
  </testcase> <!-- @BeforeTest beoreTest -->
  <testcase classname="com.actitime.base.BaseClass" name="@AfterTest afterTest" time="0.0">
    <ignored/>
  </testcase> <!-- @AfterTest afterTest -->
  <testcase classname="com.actitime.base.BaseClass" name="@BeforeTest beoreTest" time="0.0">
    <ignored/>
  </testcase> <!-- @BeforeTest beoreTest -->
  <testcase classname="com.actitime.base.BaseClass" name="@AfterTest afterTest" time="0.0">
    <ignored/>
  </testcase> <!-- @AfterTest afterTest -->
  <testcase classname="com.actitime.base.BaseClass" name="@AfterTest afterTest" time="0.0">
    <ignored/>
  </testcase> <!-- @AfterTest afterTest -->
  <testcase classname="com.actitime.base.BaseClass" name="@BeforeTest beoreTest" time="0.0">
    <ignored/>
  </testcase> <!-- @BeforeTest beoreTest -->
  <testcase classname="com.actitime.base.BaseClass" name="@AfterTest afterTest" time="0.0">
    <ignored/>
  </testcase> <!-- @AfterTest afterTest -->
  <testcase classname="com.actitime.base.BaseClass" name="@BeforeTest beoreTest" time="0.0">
    <ignored/>
  </testcase> <!-- @BeforeTest beoreTest -->
</testsuite> <!-- Projects -->
