<?xml version="1.0" encoding="UTF-8"?>
<testng-results ignored="10" total="11" passed="1" failed="0" skipped="0">
  <reporter-output>
  </reporter-output>
  <suite started-at="2022-05-19T00:24:34 IST" name="ActitimeTests" finished-at="2022-05-19T00:24:56 IST" duration-ms="22230">
    <groups>
    </groups>
    <test started-at="2022-05-19T00:24:34 IST" name="Projects" finished-at="2022-05-19T00:24:56 IST" duration-ms="22230">
      <class name="com.actitime.tests.Login">
        <test-method is-config="true" signature="beforeClass()[pri:0, instance:com.actitime.tests.Login@18245eb0]" started-at="2022-05-19T00:24:35 IST" name="beforeClass" finished-at="2022-05-19T00:24:35 IST" duration-ms="0" status="PASS">
          <reporter-output>
          </reporter-output>
        </test-method> <!-- beforeClass -->
        <test-method is-config="true" signature="launchApplication()[pri:0, instance:com.actitime.tests.Login@18245eb0]" started-at="2022-05-19T00:24:35 IST" name="launchApplication" finished-at="2022-05-19T00:24:50 IST" duration-ms="14685" status="PASS">
          <reporter-output>
          </reporter-output>
        </test-method> <!-- launchApplication -->
        <test-method signature="login_001()[pri:0, instance:com.actitime.tests.Login@18245eb0]" started-at="2022-05-19T00:24:50 IST" name="login_001" finished-at="2022-05-19T00:24:55 IST" duration-ms="5029" status="PASS">
          <reporter-output>
          </reporter-output>
        </test-method> <!-- login_001 -->
        <test-method is-config="true" signature="closeBrowser()[pri:0, instance:com.actitime.tests.Login@18245eb0]" started-at="2022-05-19T00:24:55 IST" name="closeBrowser" finished-at="2022-05-19T00:24:56 IST" duration-ms="992" status="PASS">
          <reporter-output>
          </reporter-output>
        </test-method> <!-- closeBrowser -->
        <test-method is-config="true" signature="afterClass()[pri:0, instance:com.actitime.tests.Login@18245eb0]" started-at="2022-05-19T00:24:56 IST" name="afterClass" finished-at="2022-05-19T00:24:56 IST" duration-ms="1" status="PASS">
          <reporter-output>
          </reporter-output>
        </test-method> <!-- afterClass -->
      </class> <!-- com.actitime.tests.Login -->
      <class name="com.actitime.tests.AutoITAndRobotClass_May16">
        <test-method is-config="true" signature="beoreTest()[pri:0, instance:com.actitime.tests.AutoITAndRobotClass_May16@f6c03cb]" started-at="2022-05-19T00:24:35 IST" name="beoreTest" finished-at="2022-05-19T00:24:35 IST" duration-ms="13" status="PASS">
          <reporter-output>
          </reporter-output>
        </test-method> <!-- beoreTest -->
        <test-method is-config="true" signature="afterTest()[pri:0, instance:com.actitime.tests.AutoITAndRobotClass_May16@f6c03cb]" started-at="2022-05-19T00:24:56 IST" name="afterTest" finished-at="2022-05-19T00:24:56 IST" duration-ms="1" status="PASS">
          <reporter-output>
          </reporter-output>
        </test-method> <!-- afterTest -->
      </class> <!-- com.actitime.tests.AutoITAndRobotClass_May16 -->
    </test> <!-- Projects -->
  </suite> <!-- ActitimeTests -->
</testng-results>
