<?xml version="1.0" encoding="UTF-8"?>
<!-- Generated by org.testng.reporters.JUnitXMLReporter -->
<testsuite ignored="10" hostname="SUDHAPAT-IN" failures="1" tests="2" name="Projects" time="54.5" errors="0" timestamp="2022-05-20T07:43:55 IST">
  <testcase classname="com.actitime.tests.Login" name="login_001" time="6.282"/>
  <testcase classname="com.actitime.tests.Login" name="login_002" time="6.034">
    <failure type="java.lang.AssertionError" message="Could not login to ActiTime application.. expected [false] but found [true]">
      <![CDATA[java.lang.AssertionError: Could not login to ActiTime application.. expected [false] but found [true]
at com.actitime.tests.Login.login_002(Login.java:47)
at java.base/java.util.ArrayList.forEach(ArrayList.java:1511)
... Removed 34 stack frames]]>
    </failure>
  </testcase> <!-- login_002 -->
  <testcase classname="com.actitime.base.BaseClass" name="@BeforeTest beoreTest" time="0.0">
    <ignored/>
  </testcase> <!-- @BeforeTest beoreTest -->
  <testcase classname="com.actitime.base.BaseClass" name="@AfterTest afterTest" time="0.0">
    <ignored/>
  </testcase> <!-- @AfterTest afterTest -->
  <testcase classname="com.actitime.base.BaseClass" name="@BeforeTest beoreTest" time="0.0">
    <ignored/>
  </testcase> <!-- @BeforeTest beoreTest -->
  <testcase classname="com.actitime.base.BaseClass" name="@BeforeTest beoreTest" time="0.0">
    <ignored/>
  </testcase> <!-- @BeforeTest beoreTest -->
  <testcase classname="com.actitime.base.BaseClass" name="@BeforeTest beoreTest" time="0.0">
    <ignored/>
  </testcase> <!-- @BeforeTest beoreTest -->
  <testcase classname="com.actitime.base.BaseClass" name="@AfterTest afterTest" time="0.0">
    <ignored/>
  </testcase> <!-- @AfterTest afterTest -->
  <testcase classname="com.actitime.base.BaseClass" name="@AfterTest afterTest" time="0.0">
    <ignored/>
  </testcase> <!-- @AfterTest afterTest -->
  <testcase classname="com.actitime.base.BaseClass" name="@AfterTest afterTest" time="0.0">
    <ignored/>
  </testcase> <!-- @AfterTest afterTest -->
  <testcase classname="com.actitime.base.BaseClass" name="@BeforeTest beoreTest" time="0.0">
    <ignored/>
  </testcase> <!-- @BeforeTest beoreTest -->
  <testcase classname="com.actitime.base.BaseClass" name="@AfterTest afterTest" time="0.0">
    <ignored/>
  </testcase> <!-- @AfterTest afterTest -->
</testsuite> <!-- Projects -->
