<?xml version="1.0" encoding="UTF-8"?>
<testng-results ignored="0" total="1" passed="1" failed="0" skipped="0">
  <reporter-output>
  </reporter-output>
  <suite started-at="2022-05-20T09:59:46 IST" name="Default suite" finished-at="2022-05-20T09:59:46 IST" duration-ms="63">
    <groups>
    </groups>
    <test started-at="2022-05-20T09:59:46 IST" name="Default test" finished-at="2022-05-20T09:59:46 IST" duration-ms="63">
      <class name="com.actitime.tests.Projects">
        <test-method is-config="true" signature="beforeSuite()[pri:0, instance:com.actitime.tests.Projects@5d534f5d]" started-at="2022-05-20T09:59:46 IST" name="beforeSuite" finished-at="2022-05-20T09:59:46 IST" duration-ms="13" status="PASS">
          <reporter-output>
          </reporter-output>
        </test-method> <!-- beforeSuite -->
        <test-method is-config="true" signature="beoreTest()[pri:0, instance:com.actitime.tests.Projects@5d534f5d]" started-at="2022-05-20T09:59:46 IST" name="beoreTest" finished-at="2022-05-20T09:59:46 IST" duration-ms="1" status="PASS">
          <reporter-output>
          </reporter-output>
        </test-method> <!-- beoreTest -->
        <test-method is-config="true" signature="beforeClass()[pri:0, instance:com.actitime.tests.Projects@5d534f5d]" started-at="2022-05-20T09:59:46 IST" name="beforeClass" finished-at="2022-05-20T09:59:46 IST" duration-ms="0" status="PASS">
          <reporter-output>
          </reporter-output>
        </test-method> <!-- beforeClass -->
        <test-method signature="sampletest()[pri:0, instance:com.actitime.tests.Projects@5d534f5d]" started-at="2022-05-20T09:59:46 IST" name="sampletest" finished-at="2022-05-20T09:59:46 IST" duration-ms="8" status="PASS">
          <reporter-output>
          </reporter-output>
        </test-method> <!-- sampletest -->
        <test-method is-config="true" signature="afterClass()[pri:0, instance:com.actitime.tests.Projects@5d534f5d]" started-at="2022-05-20T09:59:46 IST" name="afterClass" finished-at="2022-05-20T09:59:46 IST" duration-ms="1" status="PASS">
          <reporter-output>
          </reporter-output>
        </test-method> <!-- afterClass -->
        <test-method is-config="true" signature="afterTest()[pri:0, instance:com.actitime.tests.Projects@5d534f5d]" started-at="2022-05-20T09:59:46 IST" name="afterTest" finished-at="2022-05-20T09:59:46 IST" duration-ms="1" status="PASS">
          <reporter-output>
          </reporter-output>
        </test-method> <!-- afterTest -->
        <test-method is-config="true" signature="afterSuite()[pri:0, instance:com.actitime.tests.Projects@5d534f5d]" started-at="2022-05-20T09:59:47 IST" name="afterSuite" finished-at="2022-05-20T09:59:47 IST" duration-ms="1" status="PASS">
          <reporter-output>
          </reporter-output>
        </test-method> <!-- afterSuite -->
      </class> <!-- com.actitime.tests.Projects -->
    </test> <!-- Default test -->
  </suite> <!-- Default suite -->
</testng-results>
