<?xml version="1.0" encoding="UTF-8"?>
<testsuite xmlns:xsi="http://www.w3.org/2001/XMLSchema-instance" xsi:noNamespaceSchemaLocation="https://maven.apache.org/surefire/maven-surefire-plugin/xsd/surefire-test-report-3.0.xsd" version="3.0" name="TestSuite" time="56.715" tests="2" errors="0" skipped="0" failures="1">
  <properties>
[...]
</properties>
  <testcase name="login_001" classname="com.actitime.tests.Login" time="7.176">
    <system-out><![CDATA[07:43:01.599 [main] INFO  com.actitime.base.BaseClass - LOG4j2  Starting the run
07:43:01.599 [main] INFO  com.actitime.base.BaseClass - LOG4j2  Starting the run
07:43:02.985 [main] INFO  com.actitime.base.BaseClass - ##############The suite execution has started############
07:43:02.985 [main] INFO  com.actitime.base.BaseClass - ##############The suite execution has started############
This method runs before every Test of the suite
This method runs before each class
07:43:03.041 [main] INFO  com.actitime.base.BaseClass - *** This method will run before every Test case*****
07:43:03.041 [main] INFO  com.actitime.base.BaseClass - *** This method will run before every Test case*****
07:43:03.041 [main] INFO  com.actitime.base.BaseClass - Starting the method launchApplication
07:43:03.041 [main] INFO  com.actitime.base.BaseClass - Starting the method launchApplication
The Test cases will be run using the browser ==chrome
07:43:20.357 [main] INFO  com.actitime.base.BaseClass - Launched the application...Ending the method launchApplication
07:43:20.357 [main] INFO  com.actitime.base.BaseClass - Launched the application...Ending the method launchApplication
07:43:20.375 [main] INFO  com.actitime.base.BaseClass - #### The Test Case By name login_001 is getting started ###
07:43:20.375 [main] INFO  com.actitime.base.BaseClass - #### The Test Case By name login_001 is getting started ###
07:43:20.383 [main] INFO  com.actitime.base.BaseClass - Trying to login to the actitime application by calling login method..
07:43:20.383 [main] INFO  com.actitime.base.BaseClass - Trying to login to the actitime application by calling login method..
07:43:26.648 [main] INFO  com.actitime.base.BaseClass - ###### The Test case by name login_001 is getting Passed ###
07:43:26.648 [main] INFO  com.actitime.base.BaseClass - ###### The Test case by name login_001 is getting Passed ###
]]></system-out>
    <system-err><![CDATA[SLF4J: Failed to load class "org.slf4j.impl.StaticLoggerBinder".
SLF4J: Defaulting to no-operation (NOP) logger implementation
SLF4J: See http://www.slf4j.org/codes.html#StaticLoggerBinder for further details.
Starting ChromeDriver 101.0.4951.41 (93c720db8323b3ec10d056025ab95c23a31997c9-refs/branch-heads/4951@{#904}) on port 53839
Only local connections are allowed.
Please see https://chromedriver.chromium.org/security-considerations for suggestions on keeping ChromeDriver safe.
ChromeDriver was started successfully.
May 20, 2022 7:43:06 AM org.openqa.selenium.remote.ProtocolHandshake createSession
INFO: Detected dialect: W3C
May 20, 2022 7:43:07 AM org.openqa.selenium.devtools.CdpVersionFinder findNearestMatch
INFO: Found exact CDP implementation for version 101
]]></system-err>
  </testcase>
  <testcase name="login_002" classname="com.actitime.tests.Login" time="6.573">
    <failure message="Could not login to ActiTime application.. expected [false] but found [true]" type="java.lang.AssertionError"><![CDATA[java.lang.AssertionError: Could not login to ActiTime application.. expected [false] but found [true]
	at org.testng.Assert.fail(Assert.java:110)
	at org.testng.Assert.failNotEquals(Assert.java:1413)
	at org.testng.Assert.assertFalse(Assert.java:78)
	at com.actitime.tests.Login.login_002(Login.java:47)
	at java.base/jdk.internal.reflect.NativeMethodAccessorImpl.invoke0(Native Method)
	at java.base/jdk.internal.reflect.NativeMethodAccessorImpl.invoke(NativeMethodAccessorImpl.java:64)
	at java.base/jdk.internal.reflect.DelegatingMethodAccessorImpl.invoke(DelegatingMethodAccessorImpl.java:43)
	at java.base/java.lang.reflect.Method.invoke(Method.java:564)
	at org.testng.internal.invokers.MethodInvocationHelper.invokeMethod(MethodInvocationHelper.java:135)
	at org.testng.internal.invokers.TestInvoker.invokeMethod(TestInvoker.java:673)
	at org.testng.internal.invokers.TestInvoker.invokeTestMethod(TestInvoker.java:220)
	at org.testng.internal.invokers.MethodRunner.runInSequence(MethodRunner.java:50)
	at org.testng.internal.invokers.TestInvoker$MethodInvocationAgent.invoke(TestInvoker.java:945)
	at org.testng.internal.invokers.TestInvoker.invokeTestMethods(TestInvoker.java:193)
	at org.testng.internal.invokers.TestMethodWorker.invokeTestMethods(TestMethodWorker.java:146)
	at org.testng.internal.invokers.TestMethodWorker.run(TestMethodWorker.java:128)
	at java.base/java.util.ArrayList.forEach(ArrayList.java:1511)
	at org.testng.TestRunner.privateRun(TestRunner.java:808)
	at org.testng.TestRunner.run(TestRunner.java:603)
	at org.testng.SuiteRunner.runTest(SuiteRunner.java:429)
	at org.testng.SuiteRunner.runSequentially(SuiteRunner.java:423)
	at org.testng.SuiteRunner.privateRun(SuiteRunner.java:383)
	at org.testng.SuiteRunner.run(SuiteRunner.java:326)
	at org.testng.SuiteRunnerWorker.runSuite(SuiteRunnerWorker.java:52)
	at org.testng.SuiteRunnerWorker.run(SuiteRunnerWorker.java:95)
	at org.testng.TestNG.runSuitesSequentially(TestNG.java:1249)
	at org.testng.TestNG.runSuitesLocally(TestNG.java:1169)
	at org.testng.TestNG.runSuites(TestNG.java:1092)
	at org.testng.TestNG.run(TestNG.java:1060)
	at org.apache.maven.surefire.testng.TestNGExecutor.run(TestNGExecutor.java:324)
	at org.apache.maven.surefire.testng.TestNGXmlTestSuite.execute(TestNGXmlTestSuite.java:74)
	at org.apache.maven.surefire.testng.TestNGProvider.invoke(TestNGProvider.java:123)
	at org.apache.maven.surefire.booter.ForkedBooter.runSuitesInProcess(ForkedBooter.java:456)
	at org.apache.maven.surefire.booter.ForkedBooter.execute(ForkedBooter.java:169)
	at org.apache.maven.surefire.booter.ForkedBooter.run(ForkedBooter.java:595)
	at org.apache.maven.surefire.booter.ForkedBooter.main(ForkedBooter.java:581)
]]></failure>
    <system-out><![CDATA[07:43:27.553 [main] INFO  com.actitime.base.BaseClass - *** This method will run after every Test case*****
07:43:27.553 [main] INFO  com.actitime.base.BaseClass - *** This method will run after every Test case*****
07:43:29.090 [main] INFO  com.actitime.base.BaseClass - *** This method will run before every Test case*****
07:43:29.090 [main] INFO  com.actitime.base.BaseClass - *** This method will run before every Test case*****
07:43:29.091 [main] INFO  com.actitime.base.BaseClass - Starting the method launchApplication
07:43:29.091 [main] INFO  com.actitime.base.BaseClass - Starting the method launchApplication
The Test cases will be run using the browser ==chrome
07:43:48.136 [main] INFO  com.actitime.base.BaseClass - Launched the application...Ending the method launchApplication
07:43:48.136 [main] INFO  com.actitime.base.BaseClass - Launched the application...Ending the method launchApplication
07:43:48.138 [main] INFO  com.actitime.base.BaseClass - #### The Test Case By name login_002 is getting started ###
07:43:48.138 [main] INFO  com.actitime.base.BaseClass - #### The Test Case By name login_002 is getting started ###
07:43:48.139 [main] INFO  com.actitime.base.BaseClass - Trying to login to the actitime application by calling login method..
07:43:48.139 [main] INFO  com.actitime.base.BaseClass - Trying to login to the actitime application by calling login method..
###### The Test case by name login_002 is getting Failed ###
07:43:54.589 [main] ERROR com.actitime.base.BaseClass - [org.testng.Assert.fail(Assert.java:110)
 org.testng.Assert.failNotEquals(Assert.java:1413)
 org.testng.Assert.assertFalse(Assert.java:78)
 com.actitime.tests.Login.login_002(Login.java:47)
 java.base/jdk.internal.reflect.NativeMethodAccessorImpl.invoke0(Native Method)
 java.base/jdk.internal.reflect.NativeMethodAccessorImpl.invoke(NativeMethodAccessorImpl.java:64)
 java.base/jdk.internal.reflect.DelegatingMethodAccessorImpl.invoke(DelegatingMethodAccessorImpl.java:43)
 java.base/java.lang.reflect.Method.invoke(Method.java:564)
 org.testng.internal.invokers.MethodInvocationHelper.invokeMethod(MethodInvocationHelper.java:135)
 org.testng.internal.invokers.TestInvoker.invokeMethod(TestInvoker.java:673)
 org.testng.internal.invokers.TestInvoker.invokeTestMethod(TestInvoker.java:220)
 org.testng.internal.invokers.MethodRunner.runInSequence(MethodRunner.java:50)
 org.testng.internal.invokers.TestInvoker$MethodInvocationAgent.invoke(TestInvoker.java:945)
 org.testng.internal.invokers.TestInvoker.invokeTestMethods(TestInvoker.java:193)
 org.testng.internal.invokers.TestMethodWorker.invokeTestMethods(TestMethodWorker.java:146)
 org.testng.internal.invokers.TestMethodWorker.run(TestMethodWorker.java:128)
 java.base/java.util.ArrayList.forEach(ArrayList.java:1511)
 org.testng.TestRunner.privateRun(TestRunner.java:808)
 org.testng.TestRunner.run(TestRunner.java:603)
 org.testng.SuiteRunner.runTest(SuiteRunner.java:429)
 org.testng.SuiteRunner.runSequentially(SuiteRunner.java:423)
 org.testng.SuiteRunner.privateRun(SuiteRunner.java:383)
 org.testng.SuiteRunner.run(SuiteRunner.java:326)
 org.testng.SuiteRunnerWorker.runSuite(SuiteRunnerWorker.java:52)
 org.testng.SuiteRunnerWorker.run(SuiteRunnerWorker.java:95)
 org.testng.TestNG.runSuitesSequentially(TestNG.java:1249)
 org.testng.TestNG.runSuitesLocally(TestNG.java:1169)
 org.testng.TestNG.runSuites(TestNG.java:1092)
 org.testng.TestNG.run(TestNG.java:1060)
 org.apache.maven.surefire.testng.TestNGExecutor.run(TestNGExecutor.java:324)
 org.apache.maven.surefire.testng.TestNGXmlTestSuite.execute(TestNGXmlTestSuite.java:74)
 org.apache.maven.surefire.testng.TestNGProvider.invoke(TestNGProvider.java:123)
 org.apache.maven.surefire.booter.ForkedBooter.runSuitesInProcess(ForkedBooter.java:456)
 org.apache.maven.surefire.booter.ForkedBooter.execute(ForkedBooter.java:169)
 org.apache.maven.surefire.booter.ForkedBooter.run(ForkedBooter.java:595)
 org.apache.maven.surefire.booter.ForkedBooter.main(ForkedBooter.java:581)]
07:43:54.589 [main] ERROR com.actitime.base.BaseClass - [org.testng.Assert.fail(Assert.java:110)
 org.testng.Assert.failNotEquals(Assert.java:1413)
 org.testng.Assert.assertFalse(Assert.java:78)
 com.actitime.tests.Login.login_002(Login.java:47)
 java.base/jdk.internal.reflect.NativeMethodAccessorImpl.invoke0(Native Method)
 java.base/jdk.internal.reflect.NativeMethodAccessorImpl.invoke(NativeMethodAccessorImpl.java:64)
 java.base/jdk.internal.reflect.DelegatingMethodAccessorImpl.invoke(DelegatingMethodAccessorImpl.java:43)
 java.base/java.lang.reflect.Method.invoke(Method.java:564)
 org.testng.internal.invokers.MethodInvocationHelper.invokeMethod(MethodInvocationHelper.java:135)
 org.testng.internal.invokers.TestInvoker.invokeMethod(TestInvoker.java:673)
 org.testng.internal.invokers.TestInvoker.invokeTestMethod(TestInvoker.java:220)
 org.testng.internal.invokers.MethodRunner.runInSequence(MethodRunner.java:50)
 org.testng.internal.invokers.TestInvoker$MethodInvocationAgent.invoke(TestInvoker.java:945)
 org.testng.internal.invokers.TestInvoker.invokeTestMethods(TestInvoker.java:193)
 org.testng.internal.invokers.TestMethodWorker.invokeTestMethods(TestMethodWorker.java:146)
 org.testng.internal.invokers.TestMethodWorker.run(TestMethodWorker.java:128)
 java.base/java.util.ArrayList.forEach(ArrayList.java:1511)
 org.testng.TestRunner.privateRun(TestRunner.java:808)
 org.testng.TestRunner.run(TestRunner.java:603)
 org.testng.SuiteRunner.runTest(SuiteRunner.java:429)
 org.testng.SuiteRunner.runSequentially(SuiteRunner.java:423)
 org.testng.SuiteRunner.privateRun(SuiteRunner.java:383)
 org.testng.SuiteRunner.run(SuiteRunner.java:326)
 org.testng.SuiteRunnerWorker.runSuite(SuiteRunnerWorker.java:52)
 org.testng.SuiteRunnerWorker.run(SuiteRunnerWorker.java:95)
 org.testng.TestNG.runSuitesSequentially(TestNG.java:1249)
 org.testng.TestNG.runSuitesLocally(TestNG.java:1169)
 org.testng.TestNG.runSuites(TestNG.java:1092)
 org.testng.TestNG.run(TestNG.java:1060)
 org.apache.maven.surefire.testng.TestNGExecutor.run(TestNGExecutor.java:324)
 org.apache.maven.surefire.testng.TestNGXmlTestSuite.execute(TestNGXmlTestSuite.java:74)
 org.apache.maven.surefire.testng.TestNGProvider.invoke(TestNGProvider.java:123)
 org.apache.maven.surefire.booter.ForkedBooter.runSuitesInProcess(ForkedBooter.java:456)
 org.apache.maven.surefire.booter.ForkedBooter.execute(ForkedBooter.java:169)
 org.apache.maven.surefire.booter.ForkedBooter.run(ForkedBooter.java:595)
 org.apache.maven.surefire.booter.ForkedBooter.main(ForkedBooter.java:581)]
]]></system-out>
    <system-err><![CDATA[Starting ChromeDriver 101.0.4951.41 (93c720db8323b3ec10d056025ab95c23a31997c9-refs/branch-heads/4951@{#904}) on port 55301
Only local connections are allowed.
Please see https://chromedriver.chromium.org/security-considerations for suggestions on keeping ChromeDriver safe.
ChromeDriver was started successfully.
May 20, 2022 7:43:32 AM org.openqa.selenium.remote.ProtocolHandshake createSession
INFO: Detected dialect: W3C
May 20, 2022 7:43:32 AM org.openqa.selenium.devtools.CdpVersionFinder findNearestMatch
INFO: Found exact CDP implementation for version 101
]]></system-err>
  </testcase>
</testsuite>